-- The C compiler identification is GNU 9.4.0
-- The CXX compiler identification is GNU 9.4.0
-- Check for working C compiler: /usr/bin/cc
-- Check for working C compiler: /usr/bin/cc -- works
-- Detecting C compiler ABI info
-- Detecting C compiler ABI info - done
-- Detecting C compile features
-- Detecting C compile features - done
-- Check for working CXX compiler: /usr/bin/c++
-- Check for working CXX compiler: /usr/bin/c++ -- works
-- Detecting CXX compiler ABI info
-- Detecting CXX compiler ABI info - done
-- Detecting CXX compile features
-- Detecting CXX compile features - done
-- Found ament_cmake: 0.9.12 (/opt/ros/foxy/share/ament_cmake/cmake)
-- Found PythonInterp: /usr/bin/python3 (found suitable version "3.8.10", minimum required is "3") 
-- Using PYTHON_EXECUTABLE: /usr/bin/python3
-- Found rclcpp: 2.4.3 (/opt/ros/foxy/share/rclcpp/cmake)
-- Using all available rosidl_typesupport_c: rosidl_typesupport_fastrtps_c;rosidl_typesupport_introspection_c
-- Found rosidl_adapter: 1.3.1 (/opt/ros/foxy/share/rosidl_adapter/cmake)
-- Found OpenSSL: /usr/lib/x86_64-linux-gnu/libcrypto.so (found version "1.1.1f")  
-- Found FastRTPS: /opt/ros/foxy/include  
-- Using all available rosidl_typesupport_cpp: rosidl_typesupport_fastrtps_cpp;rosidl_typesupport_introspection_cpp
-- Found rmw_implementation_cmake: 1.0.4 (/opt/ros/foxy/share/rmw_implementation_cmake/cmake)
-- Using RMW implementation 'rmw_fastrtps_cpp' as default
-- Looking for pthread.h
-- Looking for pthread.h - found
-- Performing Test CMAKE_HAVE_LIBC_PTHREAD
-- Performing Test CMAKE_HAVE_LIBC_PTHREAD - Failed
-- Looking for pthread_create in pthreads
-- Looking for pthread_create in pthreads - not found
-- Looking for pthread_create in pthread
-- Looking for pthread_create in pthread - found
-- Found Threads: TRUE  
-- Found rclpy: 1.0.13 (/opt/ros/foxy/share/rclpy/cmake)
-- Configuring done
-- Generating done
-- Build files have been written to: /home/giratina20/Documents/ESE6150-F1tenth/ros2-tf2/ros2_tf2_ws/build/learning_tf2
-- Install configuration: ""
-- Installing: /home/giratina20/Documents/ESE6150-F1tenth/ros2-tf2/ros2_tf2_ws/install/learning_tf2/share/learning_tf2/environment/pythonpath.sh
-- Installing: /home/giratina20/Documents/ESE6150-F1tenth/ros2-tf2/ros2_tf2_ws/install/learning_tf2/share/learning_tf2/environment/pythonpath.dsv
-- Installing: /home/giratina20/Documents/ESE6150-F1tenth/ros2-tf2/ros2_tf2_ws/install/learning_tf2/lib/python3.8/site-packages/learning_tf2
-- Installing: /home/giratina20/Documents/ESE6150-F1tenth/ros2-tf2/ros2_tf2_ws/install/learning_tf2/lib/python3.8/site-packages/learning_tf2/__init__.py
Listing '/home/giratina20/Documents/ESE6150-F1tenth/ros2-tf2/ros2_tf2_ws/install/learning_tf2/lib/python3.8/site-packages/learning_tf2'...
Compiling '/home/giratina20/Documents/ESE6150-F1tenth/ros2-tf2/ros2_tf2_ws/install/learning_tf2/lib/python3.8/site-packages/learning_tf2/__init__.py'...
-- Installing: /home/giratina20/Documents/ESE6150-F1tenth/ros2-tf2/ros2_tf2_ws/install/learning_tf2/lib/learning_tf2/tf2_listener.py
-- Installing: /home/giratina20/Documents/ESE6150-F1tenth/ros2-tf2/ros2_tf2_ws/install/learning_tf2/share/learning_tf2/launch
-- Installing: /home/giratina20/Documents/ESE6150-F1tenth/ros2-tf2/ros2_tf2_ws/install/learning_tf2/share/learning_tf2/launch/learning_tf2_launch_1.py
-- Installing: /home/giratina20/Documents/ESE6150-F1tenth/ros2-tf2/ros2_tf2_ws/install/learning_tf2/share/ament_index/resource_index/package_run_dependencies/learning_tf2
-- Installing: /home/giratina20/Documents/ESE6150-F1tenth/ros2-tf2/ros2_tf2_ws/install/learning_tf2/share/ament_index/resource_index/parent_prefix_path/learning_tf2
-- Installing: /home/giratina20/Documents/ESE6150-F1tenth/ros2-tf2/ros2_tf2_ws/install/learning_tf2/share/learning_tf2/environment/ament_prefix_path.sh
-- Installing: /home/giratina20/Documents/ESE6150-F1tenth/ros2-tf2/ros2_tf2_ws/install/learning_tf2/share/learning_tf2/environment/ament_prefix_path.dsv
-- Installing: /home/giratina20/Documents/ESE6150-F1tenth/ros2-tf2/ros2_tf2_ws/install/learning_tf2/share/learning_tf2/environment/path.sh
-- Installing: /home/giratina20/Documents/ESE6150-F1tenth/ros2-tf2/ros2_tf2_ws/install/learning_tf2/share/learning_tf2/environment/path.dsv
-- Installing: /home/giratina20/Documents/ESE6150-F1tenth/ros2-tf2/ros2_tf2_ws/install/learning_tf2/share/learning_tf2/local_setup.bash
-- Installing: /home/giratina20/Documents/ESE6150-F1tenth/ros2-tf2/ros2_tf2_ws/install/learning_tf2/share/learning_tf2/local_setup.sh
-- Installing: /home/giratina20/Documents/ESE6150-F1tenth/ros2-tf2/ros2_tf2_ws/install/learning_tf2/share/learning_tf2/local_setup.zsh
-- Installing: /home/giratina20/Documents/ESE6150-F1tenth/ros2-tf2/ros2_tf2_ws/install/learning_tf2/share/learning_tf2/local_setup.dsv
-- Installing: /home/giratina20/Documents/ESE6150-F1tenth/ros2-tf2/ros2_tf2_ws/install/learning_tf2/share/learning_tf2/package.dsv
-- Installing: /home/giratina20/Documents/ESE6150-F1tenth/ros2-tf2/ros2_tf2_ws/install/learning_tf2/share/ament_index/resource_index/packages/learning_tf2
-- Installing: /home/giratina20/Documents/ESE6150-F1tenth/ros2-tf2/ros2_tf2_ws/install/learning_tf2/share/learning_tf2/cmake/learning_tf2Config.cmake
-- Installing: /home/giratina20/Documents/ESE6150-F1tenth/ros2-tf2/ros2_tf2_ws/install/learning_tf2/share/learning_tf2/cmake/learning_tf2Config-version.cmake
-- Installing: /home/giratina20/Documents/ESE6150-F1tenth/ros2-tf2/ros2_tf2_ws/install/learning_tf2/share/learning_tf2/package.xml
