[0.012s] Invoking command in '/home/giratina20/Documents/ESE6150-F1tenth/ros2-tf2/ros2_tf2_ws/build/learning_tf2': CMAKE_PREFIX_PATH=/opt/ros/foxy /usr/bin/cmake /home/giratina20/Documents/ESE6150-F1tenth/ros2-tf2/ros2_tf2_ws/src/learning_tf2 -DCMAKE_INSTALL_PREFIX=/home/giratina20/Documents/ESE6150-F1tenth/ros2-tf2/ros2_tf2_ws/install/learning_tf2
[0.111s] -- The C compiler identification is GNU 9.4.0
[0.185s] -- The CXX compiler identification is GNU 9.4.0
[0.193s] -- Check for working C compiler: /usr/bin/cc
[0.282s] -- Check for working C compiler: /usr/bin/cc -- works
[0.284s] -- Detecting C compiler ABI info
[0.371s] -- Detecting C compiler ABI info - done
[0.382s] -- Detecting C compile features
[0.383s] -- Detecting C compile features - done
[0.385s] -- Check for working CXX compiler: /usr/bin/c++
[0.483s] -- Check for working CXX compiler: /usr/bin/c++ -- works
[0.484s] -- Detecting CXX compiler ABI info
[0.586s] -- Detecting CXX compiler ABI info - done
[0.594s] -- Detecting CXX compile features
[0.595s] -- Detecting CXX compile features - done
[0.597s] -- Found ament_cmake: 0.9.12 (/opt/ros/foxy/share/ament_cmake/cmake)
[0.623s] -- Found PythonInterp: /usr/bin/python3 (found suitable version "3.8.10", minimum required is "3") 
[0.623s] -- Using PYTHON_EXECUTABLE: /usr/bin/python3
[0.754s] -- Found rclcpp: 2.4.3 (/opt/ros/foxy/share/rclcpp/cmake)
[0.790s] -- Using all available rosidl_typesupport_c: rosidl_typesupport_fastrtps_c;rosidl_typesupport_introspection_c
[0.795s] -- Found rosidl_adapter: 1.3.1 (/opt/ros/foxy/share/rosidl_adapter/cmake)
[0.885s] -- Found OpenSSL: /usr/lib/x86_64-linux-gnu/libcrypto.so (found version "1.1.1f")  
[0.905s] -- Found FastRTPS: /opt/ros/foxy/include  
[0.967s] -- Using all available rosidl_typesupport_cpp: rosidl_typesupport_fastrtps_cpp;rosidl_typesupport_introspection_cpp
[1.009s] -- Found rmw_implementation_cmake: 1.0.4 (/opt/ros/foxy/share/rmw_implementation_cmake/cmake)
[1.010s] -- Using RMW implementation 'rmw_fastrtps_cpp' as default
[1.011s] -- Looking for pthread.h
[1.107s] -- Looking for pthread.h - found
[1.108s] -- Performing Test CMAKE_HAVE_LIBC_PTHREAD
[1.205s] -- Performing Test CMAKE_HAVE_LIBC_PTHREAD - Failed
[1.205s] -- Looking for pthread_create in pthreads
[1.290s] -- Looking for pthread_create in pthreads - not found
[1.291s] -- Looking for pthread_create in pthread
[1.383s] -- Looking for pthread_create in pthread - found
[1.384s] -- Found Threads: TRUE  
[1.484s] -- Found rclpy: 1.0.13 (/opt/ros/foxy/share/rclpy/cmake)
[1.553s] -- Configuring done
[1.555s] -- Generating done
[1.556s] -- Build files have been written to: /home/giratina20/Documents/ESE6150-F1tenth/ros2-tf2/ros2_tf2_ws/build/learning_tf2
[1.562s] Invoked command in '/home/giratina20/Documents/ESE6150-F1tenth/ros2-tf2/ros2_tf2_ws/build/learning_tf2' returned '0': CMAKE_PREFIX_PATH=/opt/ros/foxy /usr/bin/cmake /home/giratina20/Documents/ESE6150-F1tenth/ros2-tf2/ros2_tf2_ws/src/learning_tf2 -DCMAKE_INSTALL_PREFIX=/home/giratina20/Documents/ESE6150-F1tenth/ros2-tf2/ros2_tf2_ws/install/learning_tf2
[1.566s] Invoking command in '/home/giratina20/Documents/ESE6150-F1tenth/ros2-tf2/ros2_tf2_ws/build/learning_tf2': CMAKE_PREFIX_PATH=/opt/ros/foxy /usr/bin/cmake --build /home/giratina20/Documents/ESE6150-F1tenth/ros2-tf2/ros2_tf2_ws/build/learning_tf2 -- -j16 -l16
[1.609s] Invoked command in '/home/giratina20/Documents/ESE6150-F1tenth/ros2-tf2/ros2_tf2_ws/build/learning_tf2' returned '0': CMAKE_PREFIX_PATH=/opt/ros/foxy /usr/bin/cmake --build /home/giratina20/Documents/ESE6150-F1tenth/ros2-tf2/ros2_tf2_ws/build/learning_tf2 -- -j16 -l16
[1.625s] Invoking command in '/home/giratina20/Documents/ESE6150-F1tenth/ros2-tf2/ros2_tf2_ws/build/learning_tf2': CMAKE_PREFIX_PATH=/opt/ros/foxy /usr/bin/cmake --install /home/giratina20/Documents/ESE6150-F1tenth/ros2-tf2/ros2_tf2_ws/build/learning_tf2
[1.632s] -- Install configuration: ""
[1.632s] -- Installing: /home/giratina20/Documents/ESE6150-F1tenth/ros2-tf2/ros2_tf2_ws/install/learning_tf2/share/learning_tf2/environment/pythonpath.sh
[1.632s] -- Installing: /home/giratina20/Documents/ESE6150-F1tenth/ros2-tf2/ros2_tf2_ws/install/learning_tf2/share/learning_tf2/environment/pythonpath.dsv
[1.632s] -- Installing: /home/giratina20/Documents/ESE6150-F1tenth/ros2-tf2/ros2_tf2_ws/install/learning_tf2/lib/python3.8/site-packages/learning_tf2
[1.633s] -- Installing: /home/giratina20/Documents/ESE6150-F1tenth/ros2-tf2/ros2_tf2_ws/install/learning_tf2/lib/python3.8/site-packages/learning_tf2/__init__.py
[1.653s] Listing '/home/giratina20/Documents/ESE6150-F1tenth/ros2-tf2/ros2_tf2_ws/install/learning_tf2/lib/python3.8/site-packages/learning_tf2'...
[1.653s] Compiling '/home/giratina20/Documents/ESE6150-F1tenth/ros2-tf2/ros2_tf2_ws/install/learning_tf2/lib/python3.8/site-packages/learning_tf2/__init__.py'...
[1.655s] -- Installing: /home/giratina20/Documents/ESE6150-F1tenth/ros2-tf2/ros2_tf2_ws/install/learning_tf2/lib/learning_tf2/tf2_listener.py
[1.655s] -- Installing: /home/giratina20/Documents/ESE6150-F1tenth/ros2-tf2/ros2_tf2_ws/install/learning_tf2/share/learning_tf2/launch
[1.655s] -- Installing: /home/giratina20/Documents/ESE6150-F1tenth/ros2-tf2/ros2_tf2_ws/install/learning_tf2/share/learning_tf2/launch/learning_tf2_launch_1.py
[1.656s] -- Installing: /home/giratina20/Documents/ESE6150-F1tenth/ros2-tf2/ros2_tf2_ws/install/learning_tf2/share/ament_index/resource_index/package_run_dependencies/learning_tf2
[1.656s] -- Installing: /home/giratina20/Documents/ESE6150-F1tenth/ros2-tf2/ros2_tf2_ws/install/learning_tf2/share/ament_index/resource_index/parent_prefix_path/learning_tf2
[1.657s] -- Installing: /home/giratina20/Documents/ESE6150-F1tenth/ros2-tf2/ros2_tf2_ws/install/learning_tf2/share/learning_tf2/environment/ament_prefix_path.sh
[1.657s] -- Installing: /home/giratina20/Documents/ESE6150-F1tenth/ros2-tf2/ros2_tf2_ws/install/learning_tf2/share/learning_tf2/environment/ament_prefix_path.dsv
[1.658s] -- Installing: /home/giratina20/Documents/ESE6150-F1tenth/ros2-tf2/ros2_tf2_ws/install/learning_tf2/share/learning_tf2/environment/path.sh
[1.658s] -- Installing: /home/giratina20/Documents/ESE6150-F1tenth/ros2-tf2/ros2_tf2_ws/install/learning_tf2/share/learning_tf2/environment/path.dsv
[1.658s] -- Installing: /home/giratina20/Documents/ESE6150-F1tenth/ros2-tf2/ros2_tf2_ws/install/learning_tf2/share/learning_tf2/local_setup.bash
[1.659s] -- Installing: /home/giratina20/Documents/ESE6150-F1tenth/ros2-tf2/ros2_tf2_ws/install/learning_tf2/share/learning_tf2/local_setup.sh
[1.659s] -- Installing: /home/giratina20/Documents/ESE6150-F1tenth/ros2-tf2/ros2_tf2_ws/install/learning_tf2/share/learning_tf2/local_setup.zsh
[1.659s] -- Installing: /home/giratina20/Documents/ESE6150-F1tenth/ros2-tf2/ros2_tf2_ws/install/learning_tf2/share/learning_tf2/local_setup.dsv
[1.659s] -- Installing: /home/giratina20/Documents/ESE6150-F1tenth/ros2-tf2/ros2_tf2_ws/install/learning_tf2/share/learning_tf2/package.dsv
[1.660s] -- Installing: /home/giratina20/Documents/ESE6150-F1tenth/ros2-tf2/ros2_tf2_ws/install/learning_tf2/share/ament_index/resource_index/packages/learning_tf2
[1.660s] -- Installing: /home/giratina20/Documents/ESE6150-F1tenth/ros2-tf2/ros2_tf2_ws/install/learning_tf2/share/learning_tf2/cmake/learning_tf2Config.cmake
[1.660s] -- Installing: /home/giratina20/Documents/ESE6150-F1tenth/ros2-tf2/ros2_tf2_ws/install/learning_tf2/share/learning_tf2/cmake/learning_tf2Config-version.cmake
[1.661s] -- Installing: /home/giratina20/Documents/ESE6150-F1tenth/ros2-tf2/ros2_tf2_ws/install/learning_tf2/share/learning_tf2/package.xml
[1.664s] Invoked command in '/home/giratina20/Documents/ESE6150-F1tenth/ros2-tf2/ros2_tf2_ws/build/learning_tf2' returned '0': CMAKE_PREFIX_PATH=/opt/ros/foxy /usr/bin/cmake --install /home/giratina20/Documents/ESE6150-F1tenth/ros2-tf2/ros2_tf2_ws/build/learning_tf2
